app/build/outputs/logs/manifest-merger-debug-report.txt
-- Merging decision tree log ---
manifest
ADDED from src/main/AndroidManifest.xml:2:1-21:12
	package
		ADDED from src/main/AndroidManifest.xml:3:7-49
		INJECTED from src/main/AndroidManifest.xml
		INJECTED from src/main/AndroidManifest.xml
	android:versionName
		ADDED from src/main/AndroidManifest.xml:5:7-32
		INJECTED from src/main/AndroidManifest.xml
		INJECTED from src/main/AndroidManifest.xml
	android:versionCode
		ADDED from src/main/AndroidManifest.xml:4:7-30
		INJECTED from src/main/AndroidManifest.xml
		INJECTED from src/main/AndroidManifest.xml
	xmlns:android
		ADDED from src/main/AndroidManifest.xml:2:11-69
application
ADDED from src/main/AndroidManifest.xml:6:5-18:19
	android:label
		ADDED from src/main/AndroidManifest.xml:6:48-80
	android:icon
		ADDED from src/main/AndroidManifest.xml:6:18-47
activity#com.hisona.example.socketexample.MainActivity
ADDED from src/main/AndroidManifest.xml:7:9-13:20
	android:label
		ADDED from src/main/AndroidManifest.xml:8:19-51
	android:name
		ADDED from src/main/AndroidManifest.xml:7:19-47
intent-filter#android.intent.action.MAIN+android.intent.category.LAUNCHER
ADDED from src/main/AndroidManifest.xml:9:13-12:29
action#android.intent.action.MAIN
ADDED from src/main/AndroidManifest.xml:10:17-69
	android:name
		ADDED from src/main/AndroidManifest.xml:10:25-66
category#android.intent.category.LAUNCHER
ADDED from src/main/AndroidManifest.xml:11:17-77
	android:name
		ADDED from src/main/AndroidManifest.xml:11:27-74
activity#com.hisona.example.socketexample.HttpsActivity
ADDED from src/main/AndroidManifest.xml:14:9-80
	android:label
		ADDED from src/main/AndroidManifest.xml:14:49-77
	android:name
		ADDED from src/main/AndroidManifest.xml:14:19-48
activity#com.hisona.example.socketexample.LocalSocketActivity
ADDED from src/main/AndroidManifest.xml:15:9-92
	android:label
		ADDED from src/main/AndroidManifest.xml:15:55-89
	android:name
		ADDED from src/main/AndroidManifest.xml:15:19-54
activity#com.hisona.example.socketexample.TCPSocketActivity
ADDED from src/main/AndroidManifest.xml:16:9-88
	android:label
		ADDED from src/main/AndroidManifest.xml:16:53-85
	android:name
		ADDED from src/main/AndroidManifest.xml:16:19-52
activity#com.hisona.example.socketexample.UDPSocketActivity
ADDED from src/main/AndroidManifest.xml:17:9-88
	android:label
		ADDED from src/main/AndroidManifest.xml:17:53-85
	android:name
		ADDED from src/main/AndroidManifest.xml:17:19-52
uses-sdk
ADDED from src/main/AndroidManifest.xml:19:5-43
	android:targetSdkVersion
		INJECTED from src/main/AndroidManifest.xml
		INJECTED from src/main/AndroidManifest.xml
	android:minSdkVersion
		ADDED from src/main/AndroidManifest.xml:19:15-40
		INJECTED from src/main/AndroidManifest.xml
		INJECTED from src/main/AndroidManifest.xml
uses-permission#android.permission.INTERNET
ADDED from src/main/AndroidManifest.xml:20:5-67
	android:name
		ADDED from src/main/AndroidManifest.xml:20:22-64